semEval_task1_output does not follow the convention file name for the task!

Strict matching (boundaries + type)
cor	inc	par	mis	spu	total	prec	recall	F1
202	61	0	41	12	304	0.73	0.66	0.7



Exact matching
cor	inc	par	mis	spu	total	prec	recall	F1
213	50	0	41	12	304	0.77	0.7	0.74



Partial matching
cor	inc	par	mis	spu	total	prec	recall	F1
213	0	50	41	12	304	0.77	0.78	0.78



type matching
cor	inc	par	mis	spu	total	prec	recall	F1
250	13	0	41	12	304	0.91	0.82	0.86



SCORES FOR ENTITY TYPE
Exact matching on drug
cor	inc	par	mis	spu	total	prec	recall	F1
130	17	0	33	6	180	0.85	0.72	0.78


Exact matching on brand
cor	inc	par	mis	spu	total	prec	recall	F1
40	1	0	12	7	53	0.83	0.75	0.79


Exact matching on group
cor	inc	par	mis	spu	total	prec	recall	F1
32	26	0	7	4	65	0.52	0.49	0.5


Exact matching on drug_n
cor	inc	par	mis	spu	total	prec	recall	F1
0	4	0	2	1	6	0	0	0


MACRO-AVERAGE MEASURES:
P	R	F1
0.55	0.49	0.52
________________________________________________________________________

